         w __deregister_frame_info
         w __register_frame_info
         w __syscall_lock_close_recursive
         w userAppExit
         w userAppInit
00000000 00000401 B __ctru_dev_path_buf
00000000 a shift
00000000 a shift
00000000 b _TLS_MODULE_BASE_
00000404 00000802 B __ctru_dev_utf16_buf
00100000 A __start__
00100000 T _start
00100008 T __service_ptr
0010000c T __apt_appid
00100010 T __heap_size
00100014 T __linear_heap_size
00100018 T __system_arglist
0010001c T __system_runflags
00100020 t startup
00100058 t ClearMem
0010006c t ClrLoop
00100094 T _init
001000ac T __aeabi_idiv
001000ac 00000220 T __divsi3
001000b4 t .divsi3_skip_div0_test
001002cc 00000020 T __aeabi_idivmod
001002ec 00000004 W __aeabi_idiv0
001002ec 00000004 W __aeabi_ldiv0
001002f0 T __aeabi_uldivmod
00100348 00000390 T strcmp
001006d0 T __aeabi_uidiv
001006d0 000001ec T __udivsi3
001006d0 t .udivsi3_skip_div0_test
001008bc 00000020 T __aeabi_uidivmod
001008dc T __aeabi_drsub
001008e4 000002b0 T __aeabi_dsub
001008e4 000002b0 T __subdf3
001008e8 000002ac T __adddf3
001008e8 000002ac T __aeabi_dadd
00100b94 00000024 T __aeabi_ui2d
00100b94 00000024 T __floatunsidf
00100bb8 00000028 T __aeabi_i2d
00100bb8 00000028 T __floatsidf
00100be0 00000048 T __aeabi_f2d
00100be0 00000048 T __extendsfdf2
00100c28 00000074 T __aeabi_ul2d
00100c28 00000074 T __floatundidf
00100c3c 00000060 T __aeabi_l2d
00100c3c 00000060 T __floatdidf
00100c9c t __do_global_dtors_aux
00100cdc t frame_dummy
00100d08 00000064 T vasprintf
00100d6c 0000002c T asprintf
00100d98 00000078 T main
00100e10 00000204 t parseColor
00101014 000001ac T consoleDrawChar
001011c0 00000124 T consolePrintChar
001012e4 00000b00 T con_write
00101de4 000000f4 t newRow
00101ed8 00000168 T consoleInit
00102040 000000d0 t gfxPresentFramebuffer
00102110 0000001c T gfxIsWide
0010212c 000000ec T gfxSetScreenFormat
00102218 00000010 T gfxSetDoubleBuffering
00102228 000000e8 T gfxInit
00102310 00000010 T gfxInitDefault
00102320 000000b4 T gfxExit
001023d4 000000a0 T gfxGetFramebuffer
00102474 0000010c T gfxFlushBuffers
00102580 00000050 T gfxSwapBuffers
001025d0 00000050 T gfxSwapBuffersGpu
00102620 00000c58 t gspHardwareInit
00103278 0000024c T gspInit
001034c4 000000f0 T gspExit
001035b4 00000010 T gspHasGpuRight
001035c4 000000a0 T gspPresentBuffer
00103664 00000050 T gspWaitForEvent
001036b4 00000004 W gxCmdQueueInterrupt
001036b8 00000160 t gspEventThreadMain
00103818 00000050 T GSPGPU_FlushDataCache
00103868 00000034 T GSPGPU_SetLcdForceBlack
0010389c 00000068 T GSPGPU_AcquireRight
00103904 00000048 T GSPGPU_ReleaseRight
0010394c 0000007c T GSPGPU_ImportDisplayCaptureInfo
001039c8 0000002c T GSPGPU_SaveVramSysArea
001039f4 0000002c T GSPGPU_RestoreVramSysArea
00103a20 000001b0 t aptConvertScreenForCapture
00103bd0 00000008 W aptDspSleep
00103bd8 00000004 W aptDspWakeup
00103bdc 00000004 W aptDspCancel
00103be0 0000015c T aptSendCommand
00103d3c 00000038 t aptExitProcess
00103d74 000002f0 T aptExit
00104064 000000d8 T aptHandleSleep
0010413c 00000084 T APT_SleepIfShellClosed
001041c0 00000084 T aptSetSleepAllowed
00104244 00000084 T APT_UnlockTransition
001042c8 00000484 t aptEventHandler
0010474c 000000b0 T APT_ReceiveParameter
001047fc 000000b0 t aptReceiveParameter.constprop.0
001048b0 000002bc t aptScreenTransfer
00104b6c 00000374 t aptWaitForWakeUp.isra.0
00104ee0 000000f8 T aptJumpToHomeMenu
00104fd8 0000004c T aptMainLoop
00105024 00000234 T aptInit
00105258 0000007c T APT_CheckNew3DS
001052d4 00000024 W hidShouldUseIrrst
001052f8 0000018c T hidInit
00105484 000000e8 T hidExit
0010556c 000002a4 T hidScanInput
00105810 00000010 T hidKeysDown
00105820 00000038 W __libctru_init
00105858 00000168 W __system_initArgv
001059c0 T svcControlMemory
001059e0 T svcQueryMemory
00105a10 T svcExitProcess
00105a18 T svcCreateThread
00105a38 T svcExitThread
00105a40 T svcSleepThread
00105a48 T svcReleaseMutex
00105a50 T svcCreateEvent
00105a64 T svcSignalEvent
00105a6c T svcClearEvent
00105a74 T svcMapMemoryBlock
00105a7c T svcUnmapMemoryBlock
00105a84 T svcCreateAddressArbiter
00105a98 T svcArbitrateAddressNoTimeout
00105aa0 T svcCloseHandle
00105aa8 T svcWaitSynchronization
00105ab0 T svcWaitSynchronizationN
00105ad8 T svcDuplicateHandle
00105aec T svcConnectToPort
00105b00 T svcSendSyncRequest
00105b08 T svcGetResourceLimit
00105b1c T svcGetResourceLimitLimitValues
00105b24 T svcGetResourceLimitCurrentValues
00105b2c T svcBreak
00105b34 W initSystem
00105b84 W __ctru_exit
00105b9c 00000024 t addrMapNodeComparator(rbtree_node const*, rbtree_node const*)
00105bc0 00000004 t addrMapNodeDestructor(rbtree_node*)
00105bc4 00000258 T vramMemAlignAt
00105e1c 0000000c T vramAlloc
00105e28 00000090 T vramFree
00105eb8 00000024 t addrMapNodeComparator(rbtree_node const*, rbtree_node const*)
00105edc 00000004 t addrMapNodeDestructor(rbtree_node*)
00105ee0 00000130 T linearMemAlign
00106010 00000008 T linearAlloc
00106018 0000005c T linearFree
00106074 00000080 T MemPool::CoalesceRight(MemBlock*)
001060f4 00000174 T MemPool::Allocate(MemChunk&, unsigned long, int)
00106268 000000fc T MemPool::Deallocate(MemChunk const&)
00106364 00000030 T MemPool::GetFreeSpace()
00106394 0000000c T __sync_init
001063a0 00000018 T __sync_fini
001063b8 0000002c T syncArbitrateAddress
001063e4 00000094 T LightLock_Lock
00106478 00000040 T LightLock_Unlock
001064b8 00000024 T RecursiveLock_Init
001064dc 00000030 T RecursiveLock_Lock
0010650c 00000054 T RecursiveLock_Unlock
00106560 00000040 T LightEvent_Init
001065a0 000000a4 T LightEvent_Clear
00106644 000000c8 T LightEvent_Signal
0010670c 00000058 T LightEvent_TryWait
00106764 000000b0 T LightEvent_Wait
00106814 00000034 T __ctru_speedup_config
00106848 00000124 T srvInit
0010696c 00000058 T srvExit
001069c4 00000080 T srvGetServiceHandleDirect
00106a44 00000048 T srvGetServiceHandle
00106a8c 00000038 T srvPublishToSubscriber
00106ac4 00000188 T threadCreate
00106c4c 0000002c T threadFree
00106c78 00000024 T threadJoin
00106c9c 00000030 T threadGetCurrent
00106ccc 00000040 T threadExit
00106d0c 00000044 t _thread_begin
00106d50 00000094 t mappableFindAddressWithin
00106de4 00000028 T mappableInit
00106e0c 00000080 T mappableAlloc
00106e8c 00000004 T mappableFree
00106e90 00000160 T irrstInit
00106ff0 000000cc T irrstExit
001070bc 000000b4 T irrstScanInput
00107170 00000024 T irrstKeysHeld
00107194 0000000c T srvPmGetSessionHandle
001071a0 00000074 T ptmSysmInit
00107214 0000003c T ptmSysmExit
00107250 00000034 T PTMSYSM_ConfigureNew3DSCPU
00107284 00000010 T rbtree_init
00107294 000001a8 t do_insert
0010743c 00000008 T rbtree_insert
00107444 00000090 T rbtree_rotate
001074d4 00000338 T rbtree_remove
0010780c 00000074 T rbtree_find
00107880 00000030 W __appInit
001078b0 00000030 T __syscall_getreent
001078e0 00000004 T __syscall_lock_acquire
001078e4 00000004 T __syscall_lock_release
001078e8 00000004 T __syscall_lock_init_recursive
001078ec 00000004 T __syscall_lock_acquire_recursive
001078f0 00000004 T __syscall_lock_release_recursive
001078f4 00000004 T __syscall_exit
001078f8 00000060 T __system_initSyscalls
00107958 000001e0 W __system_allocateHeaps
00107b38 00000030 W __appExit
00107b68 00000090 W __libctru_exit
00107bf8 00000084 W envGetHandle
00107c7c 00000050 W envDestroyHandles
00107ccc 00000014 t archive_link
00107ce0 00000014 t archive_dirreset
00107cf4 00000014 t archive_chmod
00107d08 00000024 t error_cmp
00107d2c 00000050 t archive_translate_error
00107d7c 000000d4 t archive_seek
00107e50 0000007c t _archiveInit.part.0
00107ecc 0000008c t archiveFindDevice.part.0
00107f58 00000260 t archive_utf16path
001081b8 000000a0 t _archiveUnmountDeviceStruct.part.0
00108258 00000014 t archive_fchmod
0010826c 00000014 t archive_statvfs
00108280 00000158 t _archiveMountDevice
001083d8 000000e8 t archive_diropen
001084c0 000000a4 t archive_fstat
00108564 0000006c t archive_close
001085d0 0000006c t archive_fsync
0010863c 00000070 t archive_dirclose
001086ac 000000e8 t sdmc_statvfs
00108794 00000080 t archive_ftruncate
00108814 000000fc t archive_chdir
00108910 000000b0 t archive_read
001089c0 000000ac t archive_unlink
00108a6c 000000c8 t archive_rmdir
00108b34 000000ec t archive_mkdir
00108c20 000001a8 t archive_stat
00108dc8 0000026c t archive_rename
00109034 00000168 t archive_dirnext
0010919c 0000012c t archive_write
001092c8 000001e8 t archive_open
001094b0 000001a4 T archiveMountSdmc
00109654 00000054 T archiveUnmountAll
001096a8 000000c8 T fsInit
00109770 0000003c T fsExit
001097ac 00000060 T fsExemptFromSession
0010980c 00000050 T fsUnexemptFromSession
0010985c 000000cc T FSUSER_OpenFile
00109928 000000bc T FSUSER_DeleteFile
001099e4 000000f8 T FSUSER_RenameFile
00109adc 000000bc T FSUSER_DeleteDirectory
00109b98 000000d4 T FSUSER_CreateFile
00109c6c 000000c4 T FSUSER_CreateDirectory
00109d30 000000f8 T FSUSER_RenameDirectory
00109e28 000000b4 T FSUSER_OpenDirectory
00109edc 00000094 T FSUSER_OpenArchive
00109f70 0000008c T FSUSER_CloseArchive
00109ffc 00000074 T FSUSER_GetSdmcArchiveResource
0010a070 00000064 T FSUSER_IsSdmcWritable
0010a0d4 00000058 T FSFILE_Read
0010a12c 00000060 T FSFILE_Write
0010a18c 00000038 T FSFILE_GetSize
0010a1c4 00000028 T FSFILE_SetSize
0010a1ec 0000003c T FSFILE_Close
0010a228 00000024 T FSFILE_Flush
0010a24c 00000050 T FSDIR_Read
0010a29c 0000003c T FSDIR_Close
0010a2d8 00000058 T rbtree_node_next
0010a330 000000e8 T utf16_to_utf8
0010a418 00000064 T decode_utf16
0010a47c 0000013c T decode_utf8
0010a5b8 000000c0 T utf8_to_utf16
0010a678 T __aeabi_read_tp
0010a684 00000060 T encode_utf16
0010a6e4 000000fc T encode_utf8
0010a7e0 00000120 T __udivmoddi4
0010a900 00000078 T bsearch
0010a978 0000000c T __errno
0010a984 00000034 T exit
0010a9b8 00000258 T __sflush_r
0010ac10 00000094 T _fflush_r
0010aca4 0000000c T _cleanup_r
0010acb0 00000184 T __sinit
0010ae34 0000000c T __sfp_lock_acquire
0010ae40 0000000c T __sfp_lock_release
0010ae4c 0000003c T __libc_fini_array
0010ae88 000000f8 T _malloc_trim_r
0010af80 000002e4 T _free_r
0010b264 00000070 T _fwalk_reent
0010b2d4 0000007c T __libc_init_array
0010b350 00000028 T memalign
0010b378 00000150 T _memalign_r
0010b4c8 00000020 T malloc
0010b4e8 00000020 T free
0010b508 000007e0 T _malloc_r
0010bce8 000000e0 T memchr
0010bdc8 0000011c T memcpy
0010bee4 00000118 T memset
0010bffc 0000000c T __malloc_lock
0010c008 0000000c T __malloc_unlock
0010c014 00000034 T printf
0010c048 00000260 T setvbuf
0010c2a8 00000074 T sscanf
0010c31c 00000044 T __sread
0010c360 00000008 T __seofread
0010c368 00000068 T __swrite
0010c3d0 00000048 T __sseek
0010c418 00000008 T __sclose
0010c420 0000005c T strlen
0010c47c 000000ec T strncat
0010c568 000000dc T strncmp
0010c644 000000c0 T strncpy
0010c704 00000048 T strnlen
0010c74c 000001c4 t _strtoul_l.constprop.0
0010c910 00000004 T _strtoul_r
0010c914 00000030 T strtoul
0010c944 00000050 t get_arg
0010c994 00002bbc T __ssvfscanf_r
0010f550 00000628 t get_arg
0010fb78 00003684 T _vfprintf_r
001131fc 000000d4 t __sbprintf
001132d0 000000a4 T _vsnprintf_r
00113374 00000038 T vsnprintf
001133ac 0000005c T vsprintf
00113408 00000054 T _wcrtomb_r
0011345c 00000028 T _wcsrtombs_r
00113484 00000154 T __swsetup_r
001135d8 00000114 T __call_exitprocs
001136ec 000001ac t quorem
00113898 000012cc T _dtoa_r
00114b64 00000160 T _fclose_r
00114cc4 00000008 T iswspace
00114ccc 0000000c T _localeconv_r
00114cd8 00000010 T __locale_mb_cur_max
00114ce8 00000138 T __smakebuf_r
00114e20 0000008c T __swhatbuf_r
00114eac 00000068 T _mbrtowc_r
00114f14 000002e4 T __utf8_mbtowc
001151f8 00000088 T _Balloc
00115280 0000001c T _Bfree
0011529c 000000f4 T __multadd
00115390 00000110 T __s2b
001154a0 00000058 T __hi0bits
001154f8 00000094 T __lo0bits
0011558c 000000a4 T __i2b
00115630 00000204 T __multiply
00115834 00000120 T __pow5mult
00115954 0000013c T __lshift
00115a90 00000058 T __mcmp
00115ae8 000001cc T __mdiff
00115cb4 00000074 T __ulp
00115d28 000000d0 T __b2d
00115df8 00000124 T __d2b
00115f1c 00000078 T __ratio
00115f94 00000088 T __copybits
0011601c 0000005c T __any_on
00116078 00000028 T realloc
001160a0 00000558 T _realloc_r
001165f8 000000e4 T __sccl
001166dc 0000000c T nanf
001166e8 000000a8 T frexp
00116790 00000064 T sprintf
001167f4 000000b8 T stpncpy
001168ac 0000012c T strchr
001169d8 00001368 T _strtod_l
00117d40 0000000c T _strtod_r
00117d4c 0000022c t _strtoll_l.constprop.0
00117f78 00000004 T _strtoll_r
00117f7c 000001a4 t _strtol_l.part.0
00118120 0000003c T _strtol_r
0011815c 00000244 t _strtoull_l.constprop.0
001183a0 00000004 T _strtoull_r
001183a4 00000190 T __ssprint_r
00118534 000000e0 T _sungetc_r
00118614 0000006c T __ssrefill_r
00118680 000000c8 T _sfread_r
00118748 00000628 t get_arg
00118d70 000035b8 T _svfprintf_r
0011c328 000000a8 T __submore
0011c3d0 00000628 t get_arg
0011c9f8 00000030 T __sprint_r
0011ca28 0000233c T _vfiprintf_r
0011ed64 000000d4 t __sbprintf
0011ee38 00000190 T _wcsnrtombs_l
0011efc8 0000004c T _wcsnrtombs_r
0011f014 000000f0 T __utf8_wctomb
0011f104 00000054 T __assert_func
0011f158 000000bc T _calloc_r
0011f214 0000003c T fiprintf
0011f250 000004c0 T __sfvwrite_r
0011f710 000000ec t rshift
0011f7fc 00000904 T __gethex
00120100 0000004c T __match
0012014c 0000029c T __hexnan
001203e8 0000003c T iswspace_l
00120424 000001d4 t __jp2uc
001205f8 0000009c T _jp2uc_l
00120694 00000154 T memmove
001207e8 00000010 T nan
001207f8 00000014 T abort
0012080c 00000084 T category
00120890 00000098 T _raise_r
00120928 00000020 T raise
00120948 00000008 t null_write
00120950 00000018 T setDefaultDevice
00120968 000000c8 T FindDevice
00120a30 00000028 T RemoveDevice
00120a58 0000009c T AddDevice
00120af4 00000020 T GetDeviceOpTab
00120b14 00000078 T _fstat_r
00120b8c 00000014 T _getpid_r
00120ba0 00000008 T _isatty_r
00120ba8 00000014 T _kill_r
00120bbc 00000084 T _lseek_r
00120c40 00000080 T _read_r
00120cc0 00000078 T _sbrk_r
00120d38 00000080 T _write_r
00120db8 00000020 T _exit
00120dd8 000001b8 T _concatenate_path
00120f90 00000160 T chdir
001210f0 00000008 T __flockfile
001210f8 00000008 T __funlockfile
00121100 0000003c T __get_handle
0012113c 000000f4 T _close_r
00121230 0000002c T __getreent
0012125c 0000001c T __libc_lock_acquire
00121278 0000001c T __libc_lock_release
00121294 0000001c T __libc_lock_init_recursive
001212b0 0000001c T __libc_lock_acquire_recursive
001212cc 0000001c T __libc_lock_release_recursive
001212e8 0000001c T __libc_lock_close_recursive
00121304 00000038 T __aeabi_d2lz
00121304 00000038 T __fixdfdi
00121340 00000040 T __aeabi_d2ulz
00121340 00000040 T __fixunsdfdi
00121380 00000044 T strrchr
001213c4 T _fini
001220a4 00000006 r colorCube
001220ac 00000030 r colorTable
001220dc 00000070 r dotab_stdout
0012214c 00000018 r grayScale
00122188 00000008 r morton_x.3
00122190 00000008 r morton_y.2
00122198 00000008 r s_sleepWakeEvents.4
001221c4 R default_font_bin
001229c4 R default_font_bin_end
001229fc 00000070 r archive_devoptab
00122a6c 00000030 r error_table
00122aa4 00000004 R _global_impure_ptr
00122ab0 00000022 r basefix.0
00122b10 00000010 r blanks.1
00122b20 00000010 r zeroes.0
00122b30 00000101 R _ctype_
00122c44 r .LC2
00122d28 00000028 R __mprec_bigtens
00122d50 000000c8 R __mprec_tens
00122e18 0000000c r p05.0
00122e34 00000014 r fpi.1
00122e48 00000014 r fpinan.0
00122e60 00000028 r tinytens
00122e88 0000006c R __action_table
00122ef4 00000100 R __chclass
00122ff4 0000006c R __state_table
00123060 00000010 r blanks.1
00123070 00000010 r zeroes.0
00123080 00000010 r blanks.1
00123090 00000010 r zeroes.0
00123128 00000100 R __hexdig
0012323c 000000bc r a1
001232f8 000000bc r a2
001233b4 0000005b r a3
00123410 00000070 r a6
00123480 000000a2 r a7
00123524 00000040 r a8
00123564 0000172a r b02cf
00124c90 00001a7c r d02f4
0012670c 0000000c R _C_numeric_locale
00126718 000031e6 r categories
00129900 00000070 R dotab_stdnull
00129970 r 
00129970 R __exidx_end
00129970 R __exidx_start
0012a000 00000004 D currentConsole
0012a004 00000048 D defaultConsole
0012a04c 00000001 d firstConsoleInit.0
0012a050 00000004 d kCount
0012a054 00000004 d kDelay
0012a058 00000004 d kInterval
0012a05c W __stacksize__
0012a060 00000004 D _impure_ptr
0012a068 00000460 d impure_data
0012a4c8 00000408 D __malloc_av_
0012a8d0 00000004 D __malloc_sbrk_base
0012a8d4 00000004 D __malloc_trim_threshold
0012a8d8 0000016c D __global_locale
0012aa44 00000002 d numempty
0012aa48 00000004 d defaultDevice
0012aa4c 0000008c D devoptab_list
0012aad8 00000400 d _current_working_directory
0012aed8 0000000c d __stderr_handle
0012aee4 0000000c d __stdin_handle
0012aef0 0000000c d __stdout_handle
0012aefc 00001000 d handles
0012bf04 d _GLOBAL_OFFSET_TABLE_
0012bf10 d __frame_dummy_init_array_entry
0012bf10 D __init_array_start
0012bf10 B __preinit_array_end
0012bf10 B __preinit_array_start
0012bf10 D __tdata_lma
0012bf10 D __tdata_lma_end
0012bf14 d __do_global_dtors_aux_fini_array_entry
0012bf14 D __fini_array_start
0012bf14 D __init_array_end
0012bf18 D __bss_start__
0012bf18 b completed.1
0012bf18 D __fini_array_end
0012bf1c b object.0
0012bf34 00000048 B currentCopy
0012bf7c 00000004 b gfxBottomFramebufferMaxSize
0012bf80 00000008 b gfxBottomFramebuffers
0012bf88 00000002 b gfxCurBuf
0012bf8c 00000002 b gfxFramebufferFormats
0012bf90 00000002 b gfxIsDoubleBuf
0012bf92 00000001 b gfxIsVram
0012bf94 00000004 b gfxTopFramebufferMaxSize
0012bf98 00000008 b gfxTopFramebuffers
0012bfa0 00000001 b gfxTopMode
0012bfa4 00000004 b screenAlloc
0012bfa8 00000004 b screenFree
0012bfac 00000004 b gspEvent
0012bfb0 0000001c b gspEventCb
0012bfcc 0000001c b gspEventCbData
0012bfe8 00000007 b gspEventCbOneShot
0012bff0 00000004 b gspEventThread
0012bff4 00000038 b gspEvents
0012c02c 00000004 b gspGpuHandle
0012c030 00000001 b gspGpuRight
0012c034 00000004 b gspLastEvent
0012c038 00000004 b gspRefCount
0012c03c 00000001 b gspRunEvents
0012c040 00000004 b gspSharedMem
0012c044 00000004 b gspSharedMemHandle
0012c048 00000001 b gspThreadId
0012c049 00000001 b aptChainloadFlags
0012c04a 00000001 b aptChainloadMediatype
0012c050 00000008 b aptChainloadTid
0012c058 00000004 b aptEventHandlerThread
0012c05c 00000001 b aptEventHandlerThreadQuit
0012c060 00000008 b aptEvents
0012c068 0000000c b aptFirstHook
0012c074 00000004 b aptFlags
0012c078 00000001 b aptHomeButtonState
0012c07c 00000004 b aptLockHandle
0012c080 00000004 b aptMessageFunc
0012c084 00000004 b aptMessageFuncData
0012c088 00001000 b aptParameters
0012d088 00000008 b aptReceiveEvent
0012d090 00000004 b aptRefCount
0012d094 00000008 b aptSleepEvent
0012d09c 00000001 b flagInit.1
0012d09d 00000001 b flagValue.0
0012d0a0 00000004 b serviceName.6
0012d0a4 00000006 b aVec
0012d0ac 00000004 b cPos
0012d0b0 00000006 b gRate
0012d0b8 00000014 B hidEvents
0012d0cc 00000004 B hidHandle
0012d0d0 00000004 B hidMemHandle
0012d0d4 00000004 b hidRefCount
0012d0d8 00000004 B hidSharedMem
0012d0dc 00000004 b kDown
0012d0e0 00000004 b kHeld
0012d0e4 00000004 b kOld
0012d0e8 00000004 b kRepeat
0012d0ec 00000004 b kUp
0012d0f0 00000004 b tPos
0012d0f4 00000001 b usingIrrst
0012d0f8 00000004 B __system_retAddr
0012d0fc 00000004 B __system_argc
0012d100 00000004 B __system_argv
0012d104 b saved_stack
0012d10c 00000008 b sVramPoolA
0012d114 00000008 b sVramPoolB
0012d11c 0000000c b sAddrMap
0012d128 00000008 b sLinearPool
0012d130 0000000c b sAddrMap
0012d13c 00000004 b arbiter
0012d140 00000001 V __ctru_speedup
0012d144 00000004 B __3dslink_host
0012d148 00000004 b srvHandle
0012d14c 00000004 b srvRefCount
0012d150 00000004 b currentAddr
0012d154 00000004 b maxAddr
0012d158 00000004 b minAddr
0012d15c 00000004 b csPos
0012d160 00000004 B irrstEvent
0012d164 00000004 B irrstHandle
0012d168 00000004 B irrstMemHandle
0012d16c 00000004 b irrstRefCount
0012d170 00000004 B irrstSharedMem
0012d174 00000004 b kHeld
0012d178 00000004 b srvPmHandle
0012d17c 00000004 b ptmSysmHandle
0012d180 00000004 b ptmSysmRefCount
0012d184 00000004 B __ctru_heap
0012d188 00000004 V __ctru_heap_size
0012d18c 00000004 B __ctru_linear_heap
0012d190 00000004 V __ctru_linear_heap_size
0012d194 00000004 b archive_device_cwd
0012d198 00000540 b archive_devices
0012d6d8 00000001 b archive_initialized
0012d6e0 00000080 b fsExemptArchives
0012d760 00000004 b fsuHandle
0012d764 00000004 b fsuRefCount
0012d768 0000000c b __sfp_recursive_mutex
0012d774 0000000c b __sinit_recursive_mutex
0012d780 00000028 B __malloc_current_mallinfo
0012d7a8 00000004 B __malloc_max_sbrked_mem
0012d7ac 00000004 B __malloc_max_total_mem
0012d7b0 00000004 B __malloc_top_pad
0012d7b4 0000000c b __malloc_recursive_mutex
0012d7c0 0000000c B __atexit_recursive_mutex
0012d7cc 00000004 b heap_start.0
0012d7d0 00000004 B fake_heap_end
0012d7d4 00000004 B fake_heap_start
0012d7d8 00000400 b temp_cwd
0012dbd8 00000004 b __hndl_lock
0012dbdc B __tls_start
0012e7e4 B __bss_end__
0012e7e4 A __end__
0012e7e4 B __tls_end
